
*** Running vitis_hls
    with args -f allo_DDitBlock.tcl -messageDb vitis_hls.pb


****** Vitis HLS - High-Level Synthesis from C, C++ and OpenCL v2022.1.2 (64-bit)
  **** SW Build 3605665 on Fri Aug  5 22:52:02 MDT 2022
  **** IP Build 3603185 on Sat Aug  6 04:07:44 MDT 2022
    ** Copyright 1986-2022 Xilinx, Inc. All Rights Reserved.

source /opt/xilinx/2022.1/Vitis_HLS/2022.1/scripts/vitis_hls/hls.tcl -notrace
INFO: [HLS 200-10] Running '/opt/xilinx/2022.1/Vitis_HLS/2022.1/bin/unwrapped/lnx64.o/vitis_hls'
INFO: [HLS 200-10] For user 'sl3558' on host 'en-ec-brg-zhang-xcel.coecis.cornell.edu' (Linux_x86_64 version 3.10.0-1160.76.1.el7.x86_64) on Thu Sep 12 18:38:09 EDT 2024
INFO: [HLS 200-10] On os "CentOS Linux release 7.9.2009 (Core)"
INFO: [HLS 200-10] In directory '/work/shared/users/ugrad/sl3558/mdlm/dit_numpy_allo/Allo_DDitBlock.prj/_x.hw.xilinx_u280_gen3x16_xdma_1_202211_1/allo_DDitBlock/allo_DDitBlock'
Sourcing Tcl script 'allo_DDitBlock.tcl'
INFO: [HLS 200-1510] Running: open_project allo_DDitBlock 
INFO: [HLS 200-10] Creating and opening project '/work/shared/users/ugrad/sl3558/mdlm/dit_numpy_allo/Allo_DDitBlock.prj/_x.hw.xilinx_u280_gen3x16_xdma_1_202211_1/allo_DDitBlock/allo_DDitBlock/allo_DDitBlock'.
INFO: [HLS 200-1510] Running: set_top allo_DDitBlock 
INFO: [HLS 200-1510] Running: add_files /work/shared/users/ugrad/sl3558/mdlm/dit_numpy_allo/Allo_DDitBlock.prj/kernel.cpp -cflags  -I /work/shared/users/ugrad/sl3558/mdlm/dit_numpy_allo/Allo_DDitBlock.prj 
INFO: [HLS 200-10] Adding design file '/work/shared/users/ugrad/sl3558/mdlm/dit_numpy_allo/Allo_DDitBlock.prj/kernel.cpp' to the project
INFO: [HLS 200-1510] Running: open_solution -flow_target vitis solution 
INFO: [HLS 200-10] Creating and opening solution '/work/shared/users/ugrad/sl3558/mdlm/dit_numpy_allo/Allo_DDitBlock.prj/_x.hw.xilinx_u280_gen3x16_xdma_1_202211_1/allo_DDitBlock/allo_DDitBlock/allo_DDitBlock/solution'.
INFO: [HLS 200-1505] Using flow_target 'vitis'
Resolution: For help on HLS 200-1505 see www.xilinx.com/cgi-bin/docs/rdoc?v=2022.1;t=hls+guidance;d=200-1505.html
INFO: [HLS 200-435] Setting 'open_solution -flow_target vitis' configuration: config_interface -m_axi_latency=64
INFO: [HLS 200-435] Setting 'open_solution -flow_target vitis' configuration: config_interface -m_axi_alignment_byte_size=64
INFO: [HLS 200-435] Setting 'open_solution -flow_target vitis' configuration: config_interface -m_axi_max_widen_bitwidth=512
INFO: [HLS 200-435] Setting 'open_solution -flow_target vitis' configuration: config_rtl -register_reset_num=3
INFO: [HLS 200-1510] Running: set_part xcu280-fsvh2892-2L-e 
INFO: [HLS 200-1611] Setting target device to 'xcu280-fsvh2892-2L-e'
INFO: [HLS 200-1510] Running: create_clock -period 300.000000MHz -name default 
INFO: [SYN 201-201] Setting up clock 'default' with a period of 3.333ns.
INFO: [HLS 200-1510] Running: config_dataflow -strict_mode warning 
INFO: [HLS 200-1510] Running: config_export -deadlock_detection sim 
WARNING: [HLS 200-483] The 'config_export -deadlock_detection' command is deprecated and will be removed in a future release. Use 'config_rtl -deadlock_detection' as its replacement.
INFO: [HLS 200-1907] Replacing 'config_export -deadlock_detection=sim' with 'config_rtl -deadlock_detection=sim' in current solution file
INFO: [HLS 200-1510] Running: config_interface -m_axi_conservative_mode=1 
INFO: [HLS 200-1510] Running: config_interface -m_axi_addr64 
INFO: [HLS 200-1510] Running: config_interface -m_axi_auto_max_ports=0 
INFO: [HLS 200-1510] Running: config_export -format xo -ipname allo_DDitBlock 
INFO: [HLS 200-1907] Replacing 'config_export -deadlock_detection=sim' with 'config_rtl -deadlock_detection=sim' in current solution file
INFO: [HLS 200-1510] Running: csynth_design 
INFO: [HLS 200-111] Finished File checks and directory preparation: CPU user time: 0.01 seconds. CPU system time: 0.01 seconds. Elapsed time: 0.11 seconds; current allocated memory: 456.180 MB.
INFO: [HLS 200-10] Analyzing design file '/work/shared/users/ugrad/sl3558/mdlm/dit_numpy_allo/Allo_DDitBlock.prj/kernel.cpp' ... 
WARNING: [HLS 214-114] Since the only kind of statements allowed in a canonical dataflow region are variable declarations and function calls, the compiler may not be able to correctly handle the region (/work/shared/users/ugrad/sl3558/mdlm/dit_numpy_allo/Allo_DDitBlock.prj/kernel.cpp:336:9)
Resolution: For help on HLS 214-114 see www.xilinx.com/cgi-bin/docs/rdoc?v=2022.1;t=hls+guidance;d=214-114.html
WARNING: [HLS 214-113] Either use an argument of the function or declare the variable inside the dataflow loop body (/work/shared/users/ugrad/sl3558/mdlm/dit_numpy_allo/Allo_DDitBlock.prj/kernel.cpp:442:30)
Resolution: For help on HLS 214-113 see www.xilinx.com/cgi-bin/docs/rdoc?v=2022.1;t=hls+guidance;d=214-113.html
WARNING: [HLS 214-113] Either use an argument of the function or declare the variable inside the dataflow loop body (/work/shared/users/ugrad/sl3558/mdlm/dit_numpy_allo/Allo_DDitBlock.prj/kernel.cpp:442:39)
Resolution: For help on HLS 214-113 see www.xilinx.com/cgi-bin/docs/rdoc?v=2022.1;t=hls+guidance;d=214-113.html
WARNING: [HLS 214-113] Either use an argument of the function or declare the variable inside the dataflow loop body (/work/shared/users/ugrad/sl3558/mdlm/dit_numpy_allo/Allo_DDitBlock.prj/kernel.cpp:442:48)
Resolution: For help on HLS 214-113 see www.xilinx.com/cgi-bin/docs/rdoc?v=2022.1;t=hls+guidance;d=214-113.html
WARNING: [HLS 214-114] Since the only kind of statements allowed in a canonical dataflow region are variable declarations and function calls, the compiler may not be able to correctly handle the region (/work/shared/users/ugrad/sl3558/mdlm/dit_numpy_allo/Allo_DDitBlock.prj/kernel.cpp:423:9)
Resolution: For help on HLS 214-114 see www.xilinx.com/cgi-bin/docs/rdoc?v=2022.1;t=hls+guidance;d=214-114.html
WARNING: [HLS 214-114] Since the only kind of statements allowed in a canonical dataflow region are variable declarations and function calls, the compiler may not be able to correctly handle the region (/work/shared/users/ugrad/sl3558/mdlm/dit_numpy_allo/Allo_DDitBlock.prj/kernel.cpp:3143:9)
Resolution: For help on HLS 214-114 see www.xilinx.com/cgi-bin/docs/rdoc?v=2022.1;t=hls+guidance;d=214-114.html
WARNING: [HLS 214-113] Either use an argument of the function or declare the variable inside the dataflow loop body (/work/shared/users/ugrad/sl3558/mdlm/dit_numpy_allo/Allo_DDitBlock.prj/kernel.cpp:3535:23)
Resolution: For help on HLS 214-113 see www.xilinx.com/cgi-bin/docs/rdoc?v=2022.1;t=hls+guidance;d=214-113.html
WARNING: [HLS 214-113] Either use an argument of the function or declare the variable inside the dataflow loop body (/work/shared/users/ugrad/sl3558/mdlm/dit_numpy_allo/Allo_DDitBlock.prj/kernel.cpp:3535:33)
Resolution: For help on HLS 214-113 see www.xilinx.com/cgi-bin/docs/rdoc?v=2022.1;t=hls+guidance;d=214-113.html
WARNING: [HLS 214-113] Either use an argument of the function or declare the variable inside the dataflow loop body (/work/shared/users/ugrad/sl3558/mdlm/dit_numpy_allo/Allo_DDitBlock.prj/kernel.cpp:3535:43)
Resolution: For help on HLS 214-113 see www.xilinx.com/cgi-bin/docs/rdoc?v=2022.1;t=hls+guidance;d=214-113.html
WARNING: [HLS 214-114] Since the only kind of statements allowed in a canonical dataflow region are variable declarations and function calls, the compiler may not be able to correctly handle the region (/work/shared/users/ugrad/sl3558/mdlm/dit_numpy_allo/Allo_DDitBlock.prj/kernel.cpp:3516:9)
Resolution: For help on HLS 214-114 see www.xilinx.com/cgi-bin/docs/rdoc?v=2022.1;t=hls+guidance;d=214-114.html
WARNING: [HLS 214-114] Since the only kind of statements allowed in a canonical dataflow region are variable declarations and function calls, the compiler may not be able to correctly handle the region (/work/shared/users/ugrad/sl3558/mdlm/dit_numpy_allo/Allo_DDitBlock.prj/kernel.cpp:6112:9)
Resolution: For help on HLS 214-114 see www.xilinx.com/cgi-bin/docs/rdoc?v=2022.1;t=hls+guidance;d=214-114.html
WARNING: [HLS 214-113] Either use an argument of the function or declare the variable inside the dataflow loop body (/work/shared/users/ugrad/sl3558/mdlm/dit_numpy_allo/Allo_DDitBlock.prj/kernel.cpp:6504:23)
Resolution: For help on HLS 214-113 see www.xilinx.com/cgi-bin/docs/rdoc?v=2022.1;t=hls+guidance;d=214-113.html
WARNING: [HLS 214-113] Either use an argument of the function or declare the variable inside the dataflow loop body (/work/shared/users/ugrad/sl3558/mdlm/dit_numpy_allo/Allo_DDitBlock.prj/kernel.cpp:6504:33)
Resolution: For help on HLS 214-113 see www.xilinx.com/cgi-bin/docs/rdoc?v=2022.1;t=hls+guidance;d=214-113.html
WARNING: [HLS 214-113] Either use an argument of the function or declare the variable inside the dataflow loop body (/work/shared/users/ugrad/sl3558/mdlm/dit_numpy_allo/Allo_DDitBlock.prj/kernel.cpp:6504:43)
Resolution: For help on HLS 214-113 see www.xilinx.com/cgi-bin/docs/rdoc?v=2022.1;t=hls+guidance;d=214-113.html
WARNING: [HLS 214-114] Since the only kind of statements allowed in a canonical dataflow region are variable declarations and function calls, the compiler may not be able to correctly handle the region (/work/shared/users/ugrad/sl3558/mdlm/dit_numpy_allo/Allo_DDitBlock.prj/kernel.cpp:6485:9)
Resolution: For help on HLS 214-114 see www.xilinx.com/cgi-bin/docs/rdoc?v=2022.1;t=hls+guidance;d=214-114.html
WARNING: [HLS 214-114] Since the only kind of statements allowed in a canonical dataflow region are variable declarations and function calls, the compiler may not be able to correctly handle the region (/work/shared/users/ugrad/sl3558/mdlm/dit_numpy_allo/Allo_DDitBlock.prj/kernel.cpp:9081:9)
Resolution: For help on HLS 214-114 see www.xilinx.com/cgi-bin/docs/rdoc?v=2022.1;t=hls+guidance;d=214-114.html
WARNING: [HLS 214-113] Either use an argument of the function or declare the variable inside the dataflow loop body (/work/shared/users/ugrad/sl3558/mdlm/dit_numpy_allo/Allo_DDitBlock.prj/kernel.cpp:9473:23)
Resolution: For help on HLS 214-113 see www.xilinx.com/cgi-bin/docs/rdoc?v=2022.1;t=hls+guidance;d=214-113.html
WARNING: [HLS 214-113] Either use an argument of the function or declare the variable inside the dataflow loop body (/work/shared/users/ugrad/sl3558/mdlm/dit_numpy_allo/Allo_DDitBlock.prj/kernel.cpp:9473:33)
Resolution: For help on HLS 214-113 see www.xilinx.com/cgi-bin/docs/rdoc?v=2022.1;t=hls+guidance;d=214-113.html
WARNING: [HLS 214-113] Either use an argument of the function or declare the variable inside the dataflow loop body (/work/shared/users/ugrad/sl3558/mdlm/dit_numpy_allo/Allo_DDitBlock.prj/kernel.cpp:9473:43)
Resolution: For help on HLS 214-113 see www.xilinx.com/cgi-bin/docs/rdoc?v=2022.1;t=hls+guidance;d=214-113.html
WARNING: [HLS 214-114] Since the only kind of statements allowed in a canonical dataflow region are variable declarations and function calls, the compiler may not be able to correctly handle the region (/work/shared/users/ugrad/sl3558/mdlm/dit_numpy_allo/Allo_DDitBlock.prj/kernel.cpp:9454:9)
Resolution: For help on HLS 214-114 see www.xilinx.com/cgi-bin/docs/rdoc?v=2022.1;t=hls+guidance;d=214-114.html
WARNING: [HLS 214-114] Since the only kind of statements allowed in a canonical dataflow region are variable declarations and function calls, the compiler may not be able to correctly handle the region (/work/shared/users/ugrad/sl3558/mdlm/dit_numpy_allo/Allo_DDitBlock.prj/kernel.cpp:12122:9)
Resolution: For help on HLS 214-114 see www.xilinx.com/cgi-bin/docs/rdoc?v=2022.1;t=hls+guidance;d=214-114.html
WARNING: [HLS 214-113] Either use an argument of the function or declare the variable inside the dataflow loop body (/work/shared/users/ugrad/sl3558/mdlm/dit_numpy_allo/Allo_DDitBlock.prj/kernel.cpp:12514:25)
Resolution: For help on HLS 214-113 see www.xilinx.com/cgi-bin/docs/rdoc?v=2022.1;t=hls+guidance;d=214-113.html
WARNING: [HLS 214-113] Either use an argument of the function or declare the variable inside the dataflow loop body (/work/shared/users/ugrad/sl3558/mdlm/dit_numpy_allo/Allo_DDitBlock.prj/kernel.cpp:12514:35)
Resolution: For help on HLS 214-113 see www.xilinx.com/cgi-bin/docs/rdoc?v=2022.1;t=hls+guidance;d=214-113.html
WARNING: [HLS 214-113] Either use an argument of the function or declare the variable inside the dataflow loop body (/work/shared/users/ugrad/sl3558/mdlm/dit_numpy_allo/Allo_DDitBlock.prj/kernel.cpp:12514:45)
Resolution: For help on HLS 214-113 see www.xilinx.com/cgi-bin/docs/rdoc?v=2022.1;t=hls+guidance;d=214-113.html
WARNING: [HLS 214-114] Since the only kind of statements allowed in a canonical dataflow region are variable declarations and function calls, the compiler may not be able to correctly handle the region (/work/shared/users/ugrad/sl3558/mdlm/dit_numpy_allo/Allo_DDitBlock.prj/kernel.cpp:12495:9)
Resolution: For help on HLS 214-114 see www.xilinx.com/cgi-bin/docs/rdoc?v=2022.1;t=hls+guidance;d=214-114.html
WARNING: [HLS 214-114] Since the only kind of statements allowed in a canonical dataflow region are variable declarations and function calls, the compiler may not be able to correctly handle the region (/work/shared/users/ugrad/sl3558/mdlm/dit_numpy_allo/Allo_DDitBlock.prj/kernel.cpp:15138:9)
Resolution: For help on HLS 214-114 see www.xilinx.com/cgi-bin/docs/rdoc?v=2022.1;t=hls+guidance;d=214-114.html
WARNING: [HLS 214-113] Either use an argument of the function or declare the variable inside the dataflow loop body (/work/shared/users/ugrad/sl3558/mdlm/dit_numpy_allo/Allo_DDitBlock.prj/kernel.cpp:15530:24)
Resolution: For help on HLS 214-113 see www.xilinx.com/cgi-bin/docs/rdoc?v=2022.1;t=hls+guidance;d=214-113.html
WARNING: [HLS 214-113] Either use an argument of the function or declare the variable inside the dataflow loop body (/work/shared/users/ugrad/sl3558/mdlm/dit_numpy_allo/Allo_DDitBlock.prj/kernel.cpp:15530:34)
Resolution: For help on HLS 214-113 see www.xilinx.com/cgi-bin/docs/rdoc?v=2022.1;t=hls+guidance;d=214-113.html
WARNING: [HLS 214-113] Either use an argument of the function or declare the variable inside the dataflow loop body (/work/shared/users/ugrad/sl3558/mdlm/dit_numpy_allo/Allo_DDitBlock.prj/kernel.cpp:15530:44)
Resolution: For help on HLS 214-113 see www.xilinx.com/cgi-bin/docs/rdoc?v=2022.1;t=hls+guidance;d=214-113.html
WARNING: [HLS 214-114] Since the only kind of statements allowed in a canonical dataflow region are variable declarations and function calls, the compiler may not be able to correctly handle the region (/work/shared/users/ugrad/sl3558/mdlm/dit_numpy_allo/Allo_DDitBlock.prj/kernel.cpp:15511:9)
Resolution: For help on HLS 214-114 see www.xilinx.com/cgi-bin/docs/rdoc?v=2022.1;t=hls+guidance;d=214-114.html
WARNING: [HLS 214-114] Since the only kind of statements allowed in a canonical dataflow region are variable declarations and function calls, the compiler may not be able to correctly handle the region (/work/shared/users/ugrad/sl3558/mdlm/dit_numpy_allo/Allo_DDitBlock.prj/kernel.cpp:18165:9)
Resolution: For help on HLS 214-114 see www.xilinx.com/cgi-bin/docs/rdoc?v=2022.1;t=hls+guidance;d=214-114.html
WARNING: [HLS 214-113] Either use an argument of the function or declare the variable inside the dataflow loop body (/work/shared/users/ugrad/sl3558/mdlm/dit_numpy_allo/Allo_DDitBlock.prj/kernel.cpp:18557:30)
Resolution: For help on HLS 214-113 see www.xilinx.com/cgi-bin/docs/rdoc?v=2022.1;t=hls+guidance;d=214-113.html
WARNING: [HLS 214-113] Either use an argument of the function or declare the variable inside the dataflow loop body (/work/shared/users/ugrad/sl3558/mdlm/dit_numpy_allo/Allo_DDitBlock.prj/kernel.cpp:18557:40)
Resolution: For help on HLS 214-113 see www.xilinx.com/cgi-bin/docs/rdoc?v=2022.1;t=hls+guidance;d=214-113.html
WARNING: [HLS 214-113] Either use an argument of the function or declare the variable inside the dataflow loop body (/work/shared/users/ugrad/sl3558/mdlm/dit_numpy_allo/Allo_DDitBlock.prj/kernel.cpp:18557:50)
Resolution: For help on HLS 214-113 see www.xilinx.com/cgi-bin/docs/rdoc?v=2022.1;t=hls+guidance;d=214-113.html
WARNING: [HLS 214-114] Since the only kind of statements allowed in a canonical dataflow region are variable declarations and function calls, the compiler may not be able to correctly handle the region (/work/shared/users/ugrad/sl3558/mdlm/dit_numpy_allo/Allo_DDitBlock.prj/kernel.cpp:18538:9)
Resolution: For help on HLS 214-114 see www.xilinx.com/cgi-bin/docs/rdoc?v=2022.1;t=hls+guidance;d=214-114.html
WARNING: [HLS 214-114] Since the only kind of statements allowed in a canonical dataflow region are variable declarations and function calls, the compiler may not be able to correctly handle the region (/work/shared/users/ugrad/sl3558/mdlm/dit_numpy_allo/Allo_DDitBlock.prj/kernel.cpp:21159:9)
Resolution: For help on HLS 214-114 see www.xilinx.com/cgi-bin/docs/rdoc?v=2022.1;t=hls+guidance;d=214-114.html
WARNING: [HLS 214-113] Either use an argument of the function or declare the variable inside the dataflow loop body (/work/shared/users/ugrad/sl3558/mdlm/dit_numpy_allo/Allo_DDitBlock.prj/kernel.cpp:21551:26)
Resolution: For help on HLS 214-113 see www.xilinx.com/cgi-bin/docs/rdoc?v=2022.1;t=hls+guidance;d=214-113.html
WARNING: [HLS 214-113] Either use an argument of the function or declare the variable inside the dataflow loop body (/work/shared/users/ugrad/sl3558/mdlm/dit_numpy_allo/Allo_DDitBlock.prj/kernel.cpp:21551:36)
Resolution: For help on HLS 214-113 see www.xilinx.com/cgi-bin/docs/rdoc?v=2022.1;t=hls+guidance;d=214-113.html
WARNING: [HLS 214-113] Either use an argument of the function or declare the variable inside the dataflow loop body (/work/shared/users/ugrad/sl3558/mdlm/dit_numpy_allo/Allo_DDitBlock.prj/kernel.cpp:21551:46)
Resolution: For help on HLS 214-113 see www.xilinx.com/cgi-bin/docs/rdoc?v=2022.1;t=hls+guidance;d=214-113.html
WARNING: [HLS 214-114] Since the only kind of statements allowed in a canonical dataflow region are variable declarations and function calls, the compiler may not be able to correctly handle the region (/work/shared/users/ugrad/sl3558/mdlm/dit_numpy_allo/Allo_DDitBlock.prj/kernel.cpp:21532:9)
Resolution: For help on HLS 214-114 see www.xilinx.com/cgi-bin/docs/rdoc?v=2022.1;t=hls+guidance;d=214-114.html
WARNING: [HLS 214-114] Since the only kind of statements allowed in a canonical dataflow region are variable declarations and function calls, the compiler may not be able to correctly handle the region (/work/shared/users/ugrad/sl3558/mdlm/dit_numpy_allo/Allo_DDitBlock.prj/kernel.cpp:24163:9)
Resolution: For help on HLS 214-114 see www.xilinx.com/cgi-bin/docs/rdoc?v=2022.1;t=hls+guidance;d=214-114.html
WARNING: [HLS 214-113] Either use an argument of the function or declare the variable inside the dataflow loop body (/work/shared/users/ugrad/sl3558/mdlm/dit_numpy_allo/Allo_DDitBlock.prj/kernel.cpp:24555:26)
Resolution: For help on HLS 214-113 see www.xilinx.com/cgi-bin/docs/rdoc?v=2022.1;t=hls+guidance;d=214-113.html
WARNING: [HLS 214-113] Either use an argument of the function or declare the variable inside the dataflow loop body (/work/shared/users/ugrad/sl3558/mdlm/dit_numpy_allo/Allo_DDitBlock.prj/kernel.cpp:24555:36)
Resolution: For help on HLS 214-113 see www.xilinx.com/cgi-bin/docs/rdoc?v=2022.1;t=hls+guidance;d=214-113.html
WARNING: [HLS 214-113] Either use an argument of the function or declare the variable inside the dataflow loop body (/work/shared/users/ugrad/sl3558/mdlm/dit_numpy_allo/Allo_DDitBlock.prj/kernel.cpp:24555:46)
Resolution: For help on HLS 214-113 see www.xilinx.com/cgi-bin/docs/rdoc?v=2022.1;t=hls+guidance;d=214-113.html
WARNING: [HLS 214-114] Since the only kind of statements allowed in a canonical dataflow region are variable declarations and function calls, the compiler may not be able to correctly handle the region (/work/shared/users/ugrad/sl3558/mdlm/dit_numpy_allo/Allo_DDitBlock.prj/kernel.cpp:24536:9)
Resolution: For help on HLS 214-114 see www.xilinx.com/cgi-bin/docs/rdoc?v=2022.1;t=hls+guidance;d=214-114.html
WARNING: [HLS 200-471] Dataflow form checks found 45 issue(s) in file /work/shared/users/ugrad/sl3558/mdlm/dit_numpy_allo/Allo_DDitBlock.prj/kernel.cpp
Resolution: For help on HLS 200-471 see www.xilinx.com/cgi-bin/docs/rdoc?v=2022.1;t=hls+guidance;d=200-471.html
INFO: [HLS 200-111] Finished Source Code Analysis and Preprocessing: CPU user time: 36.52 seconds. CPU system time: 2.57 seconds. Elapsed time: 41.41 seconds; current allocated memory: 528.184 MB.
INFO: [Common 17-41] Interrupt caught. Command should exit soon.
INFO: [HLS 200-111] Finished Command csynth_design CPU user time: 44.19 seconds. CPU system time: 3.54 seconds. Elapsed time: 51.61 seconds; current allocated memory: 80.008 MB.
1
    while executing
"catch {eval "::vitis_hls_bin $myArgs"} err"
    (procedure "::AP::command_distributor" line 157)
    invoked from within
"::AP::command_distributor 0"
    (procedure "::AP::autosetupRun" line 49)
    invoked from within
"::AP::autosetupRun"
INFO: [Common 17-344] 'source' was cancelled
INFO: [HLS 200-112] Total CPU user time: 50.32 seconds. Total CPU system time: 5.44 seconds. Total elapsed time: 66.37 seconds; peak allocated memory: 536.188 MB.
INFO: [Common 17-206] Exiting vitis_hls at Thu Sep 12 18:39:15 2024...
