==============================================================
Vitis HLS - High-Level Synthesis from C, C++ and OpenCL v2022.1.2 (64-bit)
Tool Version Limit: 2022.04
Copyright 1986-2022 Xilinx, Inc. All Rights Reserved.
==============================================================
INFO: [HLS 200-1505] Using flow_target 'vitis'
INFO: [HLS 200-435] Setting 'open_solution -flow_target vitis' configuration: config_interface -m_axi_latency=64
INFO: [HLS 200-435] Setting 'open_solution -flow_target vitis' configuration: config_interface -m_axi_alignment_byte_size=64
INFO: [HLS 200-435] Setting 'open_solution -flow_target vitis' configuration: config_interface -m_axi_max_widen_bitwidth=512
INFO: [HLS 200-435] Setting 'open_solution -flow_target vitis' configuration: config_rtl -register_reset_num=3
INFO: [HLS 200-1510] Running: set_part xcu280-fsvh2892-2L-e 
INFO: [HLS 200-1611] Setting target device to 'xcu280-fsvh2892-2L-e'
INFO: [HLS 200-1510] Running: create_clock -period 300.000000MHz -name default 
INFO: [SYN 201-201] Setting up clock 'default' with a period of 3.333ns.
INFO: [HLS 200-1510] Running: config_dataflow -strict_mode warning 
INFO: [HLS 200-1510] Running: config_export -deadlock_detection sim 
WARNING: [HLS 200-483] The 'config_export -deadlock_detection' command is deprecated and will be removed in a future release. Use 'config_rtl -deadlock_detection' as its replacement.
INFO: [HLS 200-1907] Replacing 'config_export -deadlock_detection=sim' with 'config_rtl -deadlock_detection=sim' in current solution file
INFO: [HLS 200-1510] Running: config_interface -m_axi_conservative_mode=1 
INFO: [HLS 200-1510] Running: config_interface -m_axi_addr64 
INFO: [HLS 200-1510] Running: config_interface -m_axi_auto_max_ports=0 
INFO: [HLS 200-1510] Running: config_export -format xo -ipname allo_DDitBlock 
INFO: [HLS 200-1907] Replacing 'config_export -deadlock_detection=sim' with 'config_rtl -deadlock_detection=sim' in current solution file
INFO: [HLS 200-1510] Running: csynth_design 
INFO: [HLS 200-111] Finished File checks and directory preparation: CPU user time: 0.01 seconds. CPU system time: 0.01 seconds. Elapsed time: 0.11 seconds; current allocated memory: 456.180 MB.
INFO: [HLS 200-10] Analyzing design file '/work/shared/users/ugrad/sl3558/mdlm/dit_numpy_allo/Allo_DDitBlock.prj/kernel.cpp' ... 
WARNING: [HLS 214-114] Since the only kind of statements allowed in a canonical dataflow region are variable declarations and function calls, the compiler may not be able to correctly handle the region (/work/shared/users/ugrad/sl3558/mdlm/dit_numpy_allo/Allo_DDitBlock.prj/kernel.cpp:336:9)
WARNING: [HLS 214-113] Either use an argument of the function or declare the variable inside the dataflow loop body (/work/shared/users/ugrad/sl3558/mdlm/dit_numpy_allo/Allo_DDitBlock.prj/kernel.cpp:442:30)
WARNING: [HLS 214-113] Either use an argument of the function or declare the variable inside the dataflow loop body (/work/shared/users/ugrad/sl3558/mdlm/dit_numpy_allo/Allo_DDitBlock.prj/kernel.cpp:442:39)
WARNING: [HLS 214-113] Either use an argument of the function or declare the variable inside the dataflow loop body (/work/shared/users/ugrad/sl3558/mdlm/dit_numpy_allo/Allo_DDitBlock.prj/kernel.cpp:442:48)
WARNING: [HLS 214-114] Since the only kind of statements allowed in a canonical dataflow region are variable declarations and function calls, the compiler may not be able to correctly handle the region (/work/shared/users/ugrad/sl3558/mdlm/dit_numpy_allo/Allo_DDitBlock.prj/kernel.cpp:423:9)
WARNING: [HLS 214-114] Since the only kind of statements allowed in a canonical dataflow region are variable declarations and function calls, the compiler may not be able to correctly handle the region (/work/shared/users/ugrad/sl3558/mdlm/dit_numpy_allo/Allo_DDitBlock.prj/kernel.cpp:3143:9)
WARNING: [HLS 214-113] Either use an argument of the function or declare the variable inside the dataflow loop body (/work/shared/users/ugrad/sl3558/mdlm/dit_numpy_allo/Allo_DDitBlock.prj/kernel.cpp:3535:23)
WARNING: [HLS 214-113] Either use an argument of the function or declare the variable inside the dataflow loop body (/work/shared/users/ugrad/sl3558/mdlm/dit_numpy_allo/Allo_DDitBlock.prj/kernel.cpp:3535:33)
WARNING: [HLS 214-113] Either use an argument of the function or declare the variable inside the dataflow loop body (/work/shared/users/ugrad/sl3558/mdlm/dit_numpy_allo/Allo_DDitBlock.prj/kernel.cpp:3535:43)
WARNING: [HLS 214-114] Since the only kind of statements allowed in a canonical dataflow region are variable declarations and function calls, the compiler may not be able to correctly handle the region (/work/shared/users/ugrad/sl3558/mdlm/dit_numpy_allo/Allo_DDitBlock.prj/kernel.cpp:3516:9)
WARNING: [HLS 214-114] Since the only kind of statements allowed in a canonical dataflow region are variable declarations and function calls, the compiler may not be able to correctly handle the region (/work/shared/users/ugrad/sl3558/mdlm/dit_numpy_allo/Allo_DDitBlock.prj/kernel.cpp:6112:9)
WARNING: [HLS 214-113] Either use an argument of the function or declare the variable inside the dataflow loop body (/work/shared/users/ugrad/sl3558/mdlm/dit_numpy_allo/Allo_DDitBlock.prj/kernel.cpp:6504:23)
WARNING: [HLS 214-113] Either use an argument of the function or declare the variable inside the dataflow loop body (/work/shared/users/ugrad/sl3558/mdlm/dit_numpy_allo/Allo_DDitBlock.prj/kernel.cpp:6504:33)
WARNING: [HLS 214-113] Either use an argument of the function or declare the variable inside the dataflow loop body (/work/shared/users/ugrad/sl3558/mdlm/dit_numpy_allo/Allo_DDitBlock.prj/kernel.cpp:6504:43)
WARNING: [HLS 214-114] Since the only kind of statements allowed in a canonical dataflow region are variable declarations and function calls, the compiler may not be able to correctly handle the region (/work/shared/users/ugrad/sl3558/mdlm/dit_numpy_allo/Allo_DDitBlock.prj/kernel.cpp:6485:9)
WARNING: [HLS 214-114] Since the only kind of statements allowed in a canonical dataflow region are variable declarations and function calls, the compiler may not be able to correctly handle the region (/work/shared/users/ugrad/sl3558/mdlm/dit_numpy_allo/Allo_DDitBlock.prj/kernel.cpp:9081:9)
WARNING: [HLS 214-113] Either use an argument of the function or declare the variable inside the dataflow loop body (/work/shared/users/ugrad/sl3558/mdlm/dit_numpy_allo/Allo_DDitBlock.prj/kernel.cpp:9473:23)
WARNING: [HLS 214-113] Either use an argument of the function or declare the variable inside the dataflow loop body (/work/shared/users/ugrad/sl3558/mdlm/dit_numpy_allo/Allo_DDitBlock.prj/kernel.cpp:9473:33)
WARNING: [HLS 214-113] Either use an argument of the function or declare the variable inside the dataflow loop body (/work/shared/users/ugrad/sl3558/mdlm/dit_numpy_allo/Allo_DDitBlock.prj/kernel.cpp:9473:43)
WARNING: [HLS 214-114] Since the only kind of statements allowed in a canonical dataflow region are variable declarations and function calls, the compiler may not be able to correctly handle the region (/work/shared/users/ugrad/sl3558/mdlm/dit_numpy_allo/Allo_DDitBlock.prj/kernel.cpp:9454:9)
WARNING: [HLS 214-114] Since the only kind of statements allowed in a canonical dataflow region are variable declarations and function calls, the compiler may not be able to correctly handle the region (/work/shared/users/ugrad/sl3558/mdlm/dit_numpy_allo/Allo_DDitBlock.prj/kernel.cpp:12122:9)
WARNING: [HLS 214-113] Either use an argument of the function or declare the variable inside the dataflow loop body (/work/shared/users/ugrad/sl3558/mdlm/dit_numpy_allo/Allo_DDitBlock.prj/kernel.cpp:12514:25)
WARNING: [HLS 214-113] Either use an argument of the function or declare the variable inside the dataflow loop body (/work/shared/users/ugrad/sl3558/mdlm/dit_numpy_allo/Allo_DDitBlock.prj/kernel.cpp:12514:35)
WARNING: [HLS 214-113] Either use an argument of the function or declare the variable inside the dataflow loop body (/work/shared/users/ugrad/sl3558/mdlm/dit_numpy_allo/Allo_DDitBlock.prj/kernel.cpp:12514:45)
WARNING: [HLS 214-114] Since the only kind of statements allowed in a canonical dataflow region are variable declarations and function calls, the compiler may not be able to correctly handle the region (/work/shared/users/ugrad/sl3558/mdlm/dit_numpy_allo/Allo_DDitBlock.prj/kernel.cpp:12495:9)
WARNING: [HLS 214-114] Since the only kind of statements allowed in a canonical dataflow region are variable declarations and function calls, the compiler may not be able to correctly handle the region (/work/shared/users/ugrad/sl3558/mdlm/dit_numpy_allo/Allo_DDitBlock.prj/kernel.cpp:15138:9)
