INFO: [v++ 60-1306] Additional information associated with this v++ compile can be found at:
	Reports: /work/shared/users/ugrad/sl3558/mdlm/dit_numpy_allo/Allo_DDitBlock.prj/_x.hw.xilinx_u280_gen3x16_xdma_1_202211_1/reports/allo_DDitBlock
	Log files: /work/shared/users/ugrad/sl3558/mdlm/dit_numpy_allo/Allo_DDitBlock.prj/_x.hw.xilinx_u280_gen3x16_xdma_1_202211_1/logs/allo_DDitBlock
INFO: [v++ 60-1548] Creating build summary session with primary output /work/shared/users/ugrad/sl3558/mdlm/dit_numpy_allo/Allo_DDitBlock.prj/_x.hw.xilinx_u280_gen3x16_xdma_1_202211_1/allo_DDitBlock.xo.compile_summary, at Thu Sep 12 14:16:11 2024
INFO: [v++ 60-1316] Initiating connection to rulecheck server, at Thu Sep 12 14:16:11 2024
INFO: [v++ 60-1315] Creating rulecheck session with output '/work/shared/users/ugrad/sl3558/mdlm/dit_numpy_allo/Allo_DDitBlock.prj/_x.hw.xilinx_u280_gen3x16_xdma_1_202211_1/reports/allo_DDitBlock/v++_compile_allo_DDitBlock_guidance.html', at Thu Sep 12 14:16:12 2024
INFO: [v++ 60-895]   Target platform: /opt/xilinx/platforms/xilinx_u280_gen3x16_xdma_1_202211_1/xilinx_u280_gen3x16_xdma_1_202211_1.xpfm
INFO: [v++ 60-1578]   This platform contains Xilinx Shell Archive '/opt/xilinx/platforms/xilinx_u280_gen3x16_xdma_1_202211_1/hw/hw.xsa'
INFO: [v++ 74-78] Compiler Version string: 2022.1
INFO: [v++ 60-585] Compiling for hardware target
INFO: [v++ 60-423]   Target device: xilinx_u280_gen3x16_xdma_1_202211_1
INFO: [v++ 60-242] Creating kernel: 'allo_DDitBlock'

===>The following messages were generated while  performing high-level synthesis for kernel: allo_DDitBlock Log file: /work/shared/users/ugrad/sl3558/mdlm/dit_numpy_allo/Allo_DDitBlock.prj/_x.hw.xilinx_u280_gen3x16_xdma_1_202211_1/allo_DDitBlock/allo_DDitBlock/vitis_hls.log :
ERROR: [v++ 207-2095] array initializer must be an initializer list (/work/shared/users/ugrad/sl3558/mdlm/dit_numpy_allo/Allo_DDitBlock.prj/kernel.cpp:73:13)
ERROR: [v++ 207-2095] array initializer must be an initializer list (/work/shared/users/ugrad/sl3558/mdlm/dit_numpy_allo/Allo_DDitBlock.prj/kernel.cpp:74:13)
ERROR: [v++ 207-2095] array initializer must be an initializer list (/work/shared/users/ugrad/sl3558/mdlm/dit_numpy_allo/Allo_DDitBlock.prj/kernel.cpp:78:13)
ERROR: [v++ 207-2095] array initializer must be an initializer list (/work/shared/users/ugrad/sl3558/mdlm/dit_numpy_allo/Allo_DDitBlock.prj/kernel.cpp:82:13)
ERROR: [v++ 207-2095] array initializer must be an initializer list (/work/shared/users/ugrad/sl3558/mdlm/dit_numpy_allo/Allo_DDitBlock.prj/kernel.cpp:313:13)
ERROR: [v++ 207-2095] array initializer must be an initializer list (/work/shared/users/ugrad/sl3558/mdlm/dit_numpy_allo/Allo_DDitBlock.prj/kernel.cpp:314:13)
ERROR: [v++ 207-2095] array initializer must be an initializer list (/work/shared/users/ugrad/sl3558/mdlm/dit_numpy_allo/Allo_DDitBlock.prj/kernel.cpp:318:13)
ERROR: [v++ 207-2095] array initializer must be an initializer list (/work/shared/users/ugrad/sl3558/mdlm/dit_numpy_allo/Allo_DDitBlock.prj/kernel.cpp:322:13)
ERROR: [v++ 207-2095] array initializer must be an initializer list (/work/shared/users/ugrad/sl3558/mdlm/dit_numpy_allo/Allo_DDitBlock.prj/kernel.cpp:429:13)
ERROR: [v++ 207-2095] array initializer must be an initializer list (/work/shared/users/ugrad/sl3558/mdlm/dit_numpy_allo/Allo_DDitBlock.prj/kernel.cpp:430:13)
ERROR: [v++ 207-2095] array initializer must be an initializer list (/work/shared/users/ugrad/sl3558/mdlm/dit_numpy_allo/Allo_DDitBlock.prj/kernel.cpp:434:13)
ERROR: [v++ 207-2095] array initializer must be an initializer list (/work/shared/users/ugrad/sl3558/mdlm/dit_numpy_allo/Allo_DDitBlock.prj/kernel.cpp:438:13)
ERROR: [v++ 207-2095] array initializer must be an initializer list (/work/shared/users/ugrad/sl3558/mdlm/dit_numpy_allo/Allo_DDitBlock.prj/kernel.cpp:545:13)
ERROR: [v++ 207-2095] array initializer must be an initializer list (/work/shared/users/ugrad/sl3558/mdlm/dit_numpy_allo/Allo_DDitBlock.prj/kernel.cpp:546:13)
ERROR: [v++ 207-2095] array initializer must be an initializer list (/work/shared/users/ugrad/sl3558/mdlm/dit_numpy_allo/Allo_DDitBlock.prj/kernel.cpp:550:13)
ERROR: [v++ 207-2095] array initializer must be an initializer list (/work/shared/users/ugrad/sl3558/mdlm/dit_numpy_allo/Allo_DDitBlock.prj/kernel.cpp:554:13)
ERROR: [v++ 207-2095] array initializer must be an initializer list (/work/shared/users/ugrad/sl3558/mdlm/dit_numpy_allo/Allo_DDitBlock.prj/kernel.cpp:733:13)
ERROR: [v++ 207-2095] array initializer must be an initializer list (/work/shared/users/ugrad/sl3558/mdlm/dit_numpy_allo/Allo_DDitBlock.prj/kernel.cpp:734:13)
ERROR: [v++ 207-2095] array initializer must be an initializer list (/work/shared/users/ugrad/sl3558/mdlm/dit_numpy_allo/Allo_DDitBlock.prj/kernel.cpp:738:13)
ERROR: [v++ 207-59] too many errors emitted, stopping now
ERROR: [v++ 60-300] Failed to build kernel(ip) allo_DDitBlock, see log for details: /work/shared/users/ugrad/sl3558/mdlm/dit_numpy_allo/Allo_DDitBlock.prj/_x.hw.xilinx_u280_gen3x16_xdma_1_202211_1/allo_DDitBlock/allo_DDitBlock/vitis_hls.log
ERROR: [v++ 60-773] In '/work/shared/users/ugrad/sl3558/mdlm/dit_numpy_allo/Allo_DDitBlock.prj/_x.hw.xilinx_u280_gen3x16_xdma_1_202211_1/allo_DDitBlock/allo_DDitBlock/vitis_hls.log', caught Tcl error: ERROR: [HLS 207-2095] array initializer must be an initializer list (/work/shared/users/ugrad/sl3558/mdlm/dit_numpy_allo/Allo_DDitBlock.prj/kernel.cpp:73:13)
ERROR: [v++ 60-773] In '/work/shared/users/ugrad/sl3558/mdlm/dit_numpy_allo/Allo_DDitBlock.prj/_x.hw.xilinx_u280_gen3x16_xdma_1_202211_1/allo_DDitBlock/allo_DDitBlock/vitis_hls.log', caught Tcl error: ERROR: [HLS 207-2095] array initializer must be an initializer list (/work/shared/users/ugrad/sl3558/mdlm/dit_numpy_allo/Allo_DDitBlock.prj/kernel.cpp:74:13)
ERROR: [v++ 60-773] In '/work/shared/users/ugrad/sl3558/mdlm/dit_numpy_allo/Allo_DDitBlock.prj/_x.hw.xilinx_u280_gen3x16_xdma_1_202211_1/allo_DDitBlock/allo_DDitBlock/vitis_hls.log', caught Tcl error: ERROR: [HLS 207-2095] array initializer must be an initializer list (/work/shared/users/ugrad/sl3558/mdlm/dit_numpy_allo/Allo_DDitBlock.prj/kernel.cpp:78:13)
ERROR: [v++ 60-773] In '/work/shared/users/ugrad/sl3558/mdlm/dit_numpy_allo/Allo_DDitBlock.prj/_x.hw.xilinx_u280_gen3x16_xdma_1_202211_1/allo_DDitBlock/allo_DDitBlock/vitis_hls.log', caught Tcl error: ERROR: [HLS 207-2095] array initializer must be an initializer list (/work/shared/users/ugrad/sl3558/mdlm/dit_numpy_allo/Allo_DDitBlock.prj/kernel.cpp:82:13)
ERROR: [v++ 60-773] In '/work/shared/users/ugrad/sl3558/mdlm/dit_numpy_allo/Allo_DDitBlock.prj/_x.hw.xilinx_u280_gen3x16_xdma_1_202211_1/allo_DDitBlock/allo_DDitBlock/vitis_hls.log', caught Tcl error: ERROR: [HLS 207-2095] array initializer must be an initializer list (/work/shared/users/ugrad/sl3558/mdlm/dit_numpy_allo/Allo_DDitBlock.prj/kernel.cpp:313:13)
ERROR: [v++ 60-773] In '/work/shared/users/ugrad/sl3558/mdlm/dit_numpy_allo/Allo_DDitBlock.prj/_x.hw.xilinx_u280_gen3x16_xdma_1_202211_1/allo_DDitBlock/allo_DDitBlock/vitis_hls.log', caught Tcl error: ERROR: [HLS 207-2095] array initializer must be an initializer list (/work/shared/users/ugrad/sl3558/mdlm/dit_numpy_allo/Allo_DDitBlock.prj/kernel.cpp:314:13)
ERROR: [v++ 60-773] In '/work/shared/users/ugrad/sl3558/mdlm/dit_numpy_allo/Allo_DDitBlock.prj/_x.hw.xilinx_u280_gen3x16_xdma_1_202211_1/allo_DDitBlock/allo_DDitBlock/vitis_hls.log', caught Tcl error: ERROR: [HLS 207-2095] array initializer must be an initializer list (/work/shared/users/ugrad/sl3558/mdlm/dit_numpy_allo/Allo_DDitBlock.prj/kernel.cpp:318:13)
ERROR: [v++ 60-773] In '/work/shared/users/ugrad/sl3558/mdlm/dit_numpy_allo/Allo_DDitBlock.prj/_x.hw.xilinx_u280_gen3x16_xdma_1_202211_1/allo_DDitBlock/allo_DDitBlock/vitis_hls.log', caught Tcl error: ERROR: [HLS 207-2095] array initializer must be an initializer list (/work/shared/users/ugrad/sl3558/mdlm/dit_numpy_allo/Allo_DDitBlock.prj/kernel.cpp:322:13)
ERROR: [v++ 60-773] In '/work/shared/users/ugrad/sl3558/mdlm/dit_numpy_allo/Allo_DDitBlock.prj/_x.hw.xilinx_u280_gen3x16_xdma_1_202211_1/allo_DDitBlock/allo_DDitBlock/vitis_hls.log', caught Tcl error: ERROR: [HLS 207-2095] array initializer must be an initializer list (/work/shared/users/ugrad/sl3558/mdlm/dit_numpy_allo/Allo_DDitBlock.prj/kernel.cpp:429:13)
ERROR: [v++ 60-773] In '/work/shared/users/ugrad/sl3558/mdlm/dit_numpy_allo/Allo_DDitBlock.prj/_x.hw.xilinx_u280_gen3x16_xdma_1_202211_1/allo_DDitBlock/allo_DDitBlock/vitis_hls.log', caught Tcl error: ERROR: [HLS 207-2095] array initializer must be an initializer list (/work/shared/users/ugrad/sl3558/mdlm/dit_numpy_allo/Allo_DDitBlock.prj/kernel.cpp:430:13)
ERROR: [v++ 60-773] In '/work/shared/users/ugrad/sl3558/mdlm/dit_numpy_allo/Allo_DDitBlock.prj/_x.hw.xilinx_u280_gen3x16_xdma_1_202211_1/allo_DDitBlock/allo_DDitBlock/vitis_hls.log', caught Tcl error: ERROR: [HLS 207-2095] array initializer must be an initializer list (/work/shared/users/ugrad/sl3558/mdlm/dit_numpy_allo/Allo_DDitBlock.prj/kernel.cpp:434:13)
ERROR: [v++ 60-773] In '/work/shared/users/ugrad/sl3558/mdlm/dit_numpy_allo/Allo_DDitBlock.prj/_x.hw.xilinx_u280_gen3x16_xdma_1_202211_1/allo_DDitBlock/allo_DDitBlock/vitis_hls.log', caught Tcl error: ERROR: [HLS 207-2095] array initializer must be an initializer list (/work/shared/users/ugrad/sl3558/mdlm/dit_numpy_allo/Allo_DDitBlock.prj/kernel.cpp:438:13)
ERROR: [v++ 60-773] In '/work/shared/users/ugrad/sl3558/mdlm/dit_numpy_allo/Allo_DDitBlock.prj/_x.hw.xilinx_u280_gen3x16_xdma_1_202211_1/allo_DDitBlock/allo_DDitBlock/vitis_hls.log', caught Tcl error: ERROR: [HLS 207-2095] array initializer must be an initializer list (/work/shared/users/ugrad/sl3558/mdlm/dit_numpy_allo/Allo_DDitBlock.prj/kernel.cpp:545:13)
ERROR: [v++ 60-773] In '/work/shared/users/ugrad/sl3558/mdlm/dit_numpy_allo/Allo_DDitBlock.prj/_x.hw.xilinx_u280_gen3x16_xdma_1_202211_1/allo_DDitBlock/allo_DDitBlock/vitis_hls.log', caught Tcl error: ERROR: [HLS 207-2095] array initializer must be an initializer list (/work/shared/users/ugrad/sl3558/mdlm/dit_numpy_allo/Allo_DDitBlock.prj/kernel.cpp:546:13)
ERROR: [v++ 60-773] In '/work/shared/users/ugrad/sl3558/mdlm/dit_numpy_allo/Allo_DDitBlock.prj/_x.hw.xilinx_u280_gen3x16_xdma_1_202211_1/allo_DDitBlock/allo_DDitBlock/vitis_hls.log', caught Tcl error: ERROR: [HLS 207-2095] array initializer must be an initializer list (/work/shared/users/ugrad/sl3558/mdlm/dit_numpy_allo/Allo_DDitBlock.prj/kernel.cpp:550:13)
ERROR: [v++ 60-773] In '/work/shared/users/ugrad/sl3558/mdlm/dit_numpy_allo/Allo_DDitBlock.prj/_x.hw.xilinx_u280_gen3x16_xdma_1_202211_1/allo_DDitBlock/allo_DDitBlock/vitis_hls.log', caught Tcl error: ERROR: [HLS 207-2095] array initializer must be an initializer list (/work/shared/users/ugrad/sl3558/mdlm/dit_numpy_allo/Allo_DDitBlock.prj/kernel.cpp:554:13)
ERROR: [v++ 60-773] In '/work/shared/users/ugrad/sl3558/mdlm/dit_numpy_allo/Allo_DDitBlock.prj/_x.hw.xilinx_u280_gen3x16_xdma_1_202211_1/allo_DDitBlock/allo_DDitBlock/vitis_hls.log', caught Tcl error: ERROR: [HLS 207-2095] array initializer must be an initializer list (/work/shared/users/ugrad/sl3558/mdlm/dit_numpy_allo/Allo_DDitBlock.prj/kernel.cpp:733:13)
ERROR: [v++ 60-773] In '/work/shared/users/ugrad/sl3558/mdlm/dit_numpy_allo/Allo_DDitBlock.prj/_x.hw.xilinx_u280_gen3x16_xdma_1_202211_1/allo_DDitBlock/allo_DDitBlock/vitis_hls.log', caught Tcl error: ERROR: [HLS 207-2095] array initializer must be an initializer list (/work/shared/users/ugrad/sl3558/mdlm/dit_numpy_allo/Allo_DDitBlock.prj/kernel.cpp:734:13)
ERROR: [v++ 60-773] In '/work/shared/users/ugrad/sl3558/mdlm/dit_numpy_allo/Allo_DDitBlock.prj/_x.hw.xilinx_u280_gen3x16_xdma_1_202211_1/allo_DDitBlock/allo_DDitBlock/vitis_hls.log', caught Tcl error: ERROR: [HLS 207-2095] array initializer must be an initializer list (/work/shared/users/ugrad/sl3558/mdlm/dit_numpy_allo/Allo_DDitBlock.prj/kernel.cpp:738:13)
ERROR: [v++ 60-773] In '/work/shared/users/ugrad/sl3558/mdlm/dit_numpy_allo/Allo_DDitBlock.prj/_x.hw.xilinx_u280_gen3x16_xdma_1_202211_1/allo_DDitBlock/allo_DDitBlock/vitis_hls.log', caught Tcl error: ERROR: [HLS 207-59] too many errors emitted, stopping now
ERROR: [v++ 60-599] Kernel compilation failed to complete
ERROR: [v++ 60-592] Failed to finish compilation
INFO: [v++ 60-1653] Closing dispatch client.
